0 info it worked if it ends with ok
1 verbose cli [ 'C:\\Program Files\\nodejs\\node.exe',
1 verbose cli   'C:\\Users\\erdem\\AppData\\Roaming\\npm\\node_modules\\npm\\bin\\npm-cli.js',
1 verbose cli   'install' ]
2 info using npm@3.10.6
3 info using node@v4.4.7
4 silly loadCurrentTree Starting
5 silly install loadCurrentTree
6 silly install readLocalPackageData
7 silly install normalizeTree
8 silly loadCurrentTree Finishing
9 silly loadIdealTree Starting
10 silly install loadIdealTree
11 silly cloneCurrentTree Starting
12 silly install cloneCurrentTreeToIdealTree
13 silly cloneCurrentTree Finishing
14 silly loadShrinkwrap Starting
15 silly install loadShrinkwrap
16 silly loadShrinkwrap Finishing
17 silly loadAllDepsIntoIdealTree Starting
18 silly install loadAllDepsIntoIdealTree
19 silly loadAllDepsIntoIdealTree Finishing
20 silly loadIdealTree Finishing
21 silly currentTree node-webcrypto-p11@1.0.4
21 silly currentTree +-- abbrev@1.0.9
21 silly currentTree +-- accepts@1.3.3
21 silly currentTree +-- agent-base@2.0.1
21 silly currentTree | `-- semver@5.0.3
21 silly currentTree +-- ambi@2.5.0
21 silly currentTree +-- ansi-align@1.1.0
21 silly currentTree +-- ansi-regex@2.0.0
21 silly currentTree +-- ansi-styles@2.2.1
21 silly currentTree +-- any-promise@1.3.0
21 silly currentTree +-- apache-crypt@1.1.2
21 silly currentTree +-- apache-md5@1.0.6
21 silly currentTree +-- archy@1.0.0
21 silly currentTree +-- array-filter@0.0.1
21 silly currentTree +-- array-map@0.0.0
21 silly currentTree +-- array-reduce@0.0.0
21 silly currentTree +-- array-uniq@1.0.3
21 silly currentTree +-- arrify@1.0.1
21 silly currentTree +-- async@2.0.1
21 silly currentTree +-- balanced-match@0.4.2
21 silly currentTree +-- base64url@2.0.0
21 silly currentTree +-- basic-auth@1.0.4
21 silly currentTree +-- batch@0.5.3
21 silly currentTree +-- bluebird@3.4.6
21 silly currentTree +-- boxen@0.6.0
21 silly currentTree +-- brace-expansion@1.1.6
21 silly currentTree +-- browser-stdout@1.3.0
21 silly currentTree +-- builtin-modules@1.1.1
21 silly currentTree +-- camelcase@2.1.1
21 silly currentTree +-- capture-stack-trace@1.0.0
21 silly currentTree +-- chalk@1.1.3
21 silly currentTree | `-- supports-color@2.0.0
21 silly currentTree +-- cli-boxes@1.0.0
21 silly currentTree +-- clone@1.0.2
21 silly currentTree +-- code-point-at@1.0.0
21 silly currentTree +-- colors@1.1.2
21 silly currentTree +-- columnify@1.5.4
21 silly currentTree +-- combined-stream@1.0.5
21 silly currentTree +-- commander@2.9.0
21 silly currentTree +-- concat-map@0.0.1
21 silly currentTree +-- concat-stream@1.5.2
21 silly currentTree +-- configstore@2.1.0
21 silly currentTree +-- connect@3.4.1
21 silly currentTree +-- core-util-is@1.0.2
21 silly currentTree +-- cors@2.8.0
21 silly currentTree +-- create-error-class@3.0.2
21 silly currentTree +-- cross-spawn@4.0.0
21 silly currentTree +-- csextends@1.0.3
21 silly currentTree +-- debug@2.2.0
21 silly currentTree +-- deep-extend@0.4.1
21 silly currentTree +-- defaults@1.0.3
21 silly currentTree +-- define-properties@1.1.2
21 silly currentTree +-- delayed-stream@1.0.0
21 silly currentTree +-- depd@1.1.0
21 silly currentTree +-- destroy@1.0.4
21 silly currentTree +-- detect-indent@4.0.0
21 silly currentTree +-- diff@1.4.0
21 silly currentTree +-- dot-prop@3.0.0
21 silly currentTree +-- duplexer@0.1.1
21 silly currentTree +-- duplexer2@0.1.4
21 silly currentTree +-- eachr@3.2.0
21 silly currentTree +-- editions@1.1.2
21 silly currentTree +-- ee-first@1.1.1
21 silly currentTree +-- encodeurl@1.0.1
21 silly currentTree +-- error-ex@1.3.0
21 silly currentTree +-- es-abstract@1.6.1
21 silly currentTree +-- es-to-primitive@1.1.1
21 silly currentTree +-- escape-html@1.0.3
21 silly currentTree +-- escape-string-regexp@1.0.5
21 silly currentTree +-- etag@1.7.0
21 silly currentTree +-- event-stream@3.3.4
21 silly currentTree +-- exec-sh@0.2.0
21 silly currentTree +-- extend@3.0.0
21 silly currentTree +-- extendr@3.2.2
21 silly currentTree +-- extract-opts@3.3.1
21 silly currentTree +-- faye-websocket@0.11.0
21 silly currentTree +-- filled-array@1.1.0
21 silly currentTree +-- finalhandler@0.4.1
21 silly currentTree +-- find-up@1.1.2
21 silly currentTree +-- foreach@2.0.5
21 silly currentTree +-- form-data@1.0.1
21 silly currentTree +-- fresh@0.3.0
21 silly currentTree +-- from@0.1.3
21 silly currentTree +-- fs.realpath@1.0.0
21 silly currentTree +-- function-bind@1.1.0
21 silly currentTree +-- glob@7.0.5
21 silly currentTree +-- got@5.6.0
21 silly currentTree +-- graceful-fs@4.1.6
21 silly currentTree +-- graceful-readlink@1.0.1
21 silly currentTree +-- graphene-pk11@2.0.10
21 silly currentTree +-- growl@1.9.2
21 silly currentTree +-- has-ansi@2.0.0
21 silly currentTree +-- has-flag@1.0.0
21 silly currentTree +-- has-unicode@2.0.1
21 silly currentTree +-- has@1.0.1
21 silly currentTree +-- hosted-git-info@2.1.5
21 silly currentTree +-- http-auth@2.4.7
21 silly currentTree +-- http-errors@1.5.0
21 silly currentTree +-- http-proxy-agent@1.0.0
21 silly currentTree +-- https-proxy-agent@1.0.0
21 silly currentTree +-- ignorefs@1.1.1
21 silly currentTree +-- ignorepatterns@1.1.0
21 silly currentTree +-- imurmurhash@0.1.4
21 silly currentTree +-- inflight@1.0.5
21 silly currentTree +-- inherits@2.0.1
21 silly currentTree +-- ini@1.3.4
21 silly currentTree +-- invariant@2.2.1
21 silly currentTree +-- is-absolute@0.2.5
21 silly currentTree +-- is-arrayish@0.2.1
21 silly currentTree +-- is-builtin-module@1.0.0
21 silly currentTree +-- is-callable@1.1.3
21 silly currentTree +-- is-date-object@1.0.1
21 silly currentTree +-- is-finite@1.0.1
21 silly currentTree +-- is-fullwidth-code-point@1.0.0
21 silly currentTree +-- is-npm@1.0.0
21 silly currentTree +-- is-obj@1.0.1
21 silly currentTree +-- is-plain-obj@1.1.0
21 silly currentTree +-- is-redirect@1.0.0
21 silly currentTree +-- is-regex@1.0.3
21 silly currentTree +-- is-relative@0.2.1
21 silly currentTree +-- is-retry-allowed@1.1.0
21 silly currentTree +-- is-stream@1.1.0
21 silly currentTree +-- is-symbol@1.0.1
21 silly currentTree +-- is-unc-path@0.1.1
21 silly currentTree +-- is-utf8@0.2.1
21 silly currentTree +-- is-windows@0.1.1
21 silly currentTree +-- isarray@1.0.0
21 silly currentTree +-- isexe@1.1.2
21 silly currentTree +-- isobject@2.1.0
21 silly currentTree +-- js-tokens@1.0.3
21 silly currentTree +-- json3@3.3.2
21 silly currentTree +-- jsonify@0.0.0
21 silly currentTree +-- latest-version@2.0.0
21 silly currentTree +-- lazy-req@1.1.0
21 silly currentTree +-- listify@1.0.0
21 silly currentTree +-- live-server@1.1.0
21 silly currentTree +-- load-json-file@1.1.0
21 silly currentTree +-- lockfile@1.0.1
21 silly currentTree +-- lodash._baseassign@3.2.0
21 silly currentTree +-- lodash._basecopy@3.0.1
21 silly currentTree +-- lodash._basecreate@3.0.3
21 silly currentTree +-- lodash._getnative@3.9.1
21 silly currentTree +-- lodash._isiterateecall@3.0.9
21 silly currentTree +-- lodash.create@3.1.1
21 silly currentTree +-- lodash.isarguments@3.1.0
21 silly currentTree +-- lodash.isarray@3.0.4
21 silly currentTree +-- lodash.keys@3.1.2
21 silly currentTree +-- lodash@4.15.0
21 silly currentTree +-- loose-envify@1.2.0
21 silly currentTree +-- lowercase-keys@1.0.0
21 silly currentTree +-- lru-cache@4.0.1
21 silly currentTree +-- make-error-cause@1.2.1
21 silly currentTree +-- make-error@1.2.0
21 silly currentTree +-- map-stream@0.1.0
21 silly currentTree +-- merge@1.2.0
21 silly currentTree +-- mime-db@1.23.0
21 silly currentTree +-- mime-types@2.1.11
21 silly currentTree +-- mime@1.3.4
21 silly currentTree +-- minimatch@3.0.3
21 silly currentTree +-- minimist@0.0.8
21 silly currentTree +-- mkdirp@0.5.1
21 silly currentTree +-- mocha@3.0.2
21 silly currentTree +-- morgan@1.7.0
21 silly currentTree +-- ms@0.7.1
21 silly currentTree +-- nan@2.4.0
21 silly currentTree +-- negotiator@0.6.1
21 silly currentTree +-- node-status-codes@1.0.0
21 silly currentTree +-- node-uuid@1.4.7
21 silly currentTree +-- nopt@1.0.10
21 silly currentTree +-- normalize-package-data@2.3.5
21 silly currentTree +-- npm-run-all@3.1.0
21 silly currentTree +-- number-is-nan@1.0.0
21 silly currentTree +-- nyc@8.1.0
21 silly currentTree | +-- align-text@0.1.4
21 silly currentTree | +-- amdefine@1.0.0
21 silly currentTree | +-- ansi-regex@2.0.0
21 silly currentTree | +-- ansi-styles@2.2.1
21 silly currentTree | +-- append-transform@0.3.0
21 silly currentTree | +-- arr-diff@2.0.0
21 silly currentTree | +-- arr-flatten@1.0.1
21 silly currentTree | +-- array-unique@0.2.1
21 silly currentTree | +-- arrify@1.0.1
21 silly currentTree | +-- async@1.5.2
21 silly currentTree | +-- babel-code-frame@6.11.0
21 silly currentTree | +-- babel-generator@6.11.4
21 silly currentTree | +-- babel-messages@6.8.0
21 silly currentTree | +-- babel-runtime@6.11.6
21 silly currentTree | +-- babel-template@6.9.0
21 silly currentTree | +-- babel-traverse@6.13.0
21 silly currentTree | +-- babel-types@6.13.0
21 silly currentTree | +-- babylon@6.8.4
21 silly currentTree | +-- balanced-match@0.4.2
21 silly currentTree | +-- brace-expansion@1.1.6
21 silly currentTree | +-- braces@1.8.5
21 silly currentTree | +-- builtin-modules@1.1.1
21 silly currentTree | +-- caching-transform@1.0.1
21 silly currentTree | +-- camelcase@1.2.1
21 silly currentTree | +-- center-align@0.1.3
21 silly currentTree | +-- chalk@1.1.3
21 silly currentTree | +-- cliui@2.1.0
21 silly currentTree | | `-- wordwrap@0.0.2
21 silly currentTree | +-- code-point-at@1.0.0
21 silly currentTree | +-- commondir@1.0.1
21 silly currentTree | +-- concat-map@0.0.1
21 silly currentTree | +-- convert-source-map@1.3.0
21 silly currentTree | +-- core-js@2.4.1
21 silly currentTree | +-- cross-spawn@4.0.0
21 silly currentTree | +-- debug@2.2.0
21 silly currentTree | +-- decamelize@1.2.0
21 silly currentTree | +-- default-require-extensions@1.0.0
21 silly currentTree | +-- detect-indent@3.0.1
21 silly currentTree | | `-- minimist@1.2.0
21 silly currentTree | +-- error-ex@1.3.0
21 silly currentTree | +-- escape-string-regexp@1.0.5
21 silly currentTree | +-- esutils@2.0.2
21 silly currentTree | +-- expand-brackets@0.1.5
21 silly currentTree | +-- expand-range@1.8.2
21 silly currentTree | +-- extglob@0.3.2
21 silly currentTree | +-- filename-regex@2.0.0
21 silly currentTree | +-- fill-range@2.2.3
21 silly currentTree | +-- find-cache-dir@0.1.1
21 silly currentTree | +-- find-up@1.1.2
21 silly currentTree | +-- for-in@0.1.5
21 silly currentTree | +-- for-own@0.1.4
21 silly currentTree | +-- foreground-child@1.5.3
21 silly currentTree | +-- fs.realpath@1.0.0
21 silly currentTree | +-- get-caller-file@1.0.2
21 silly currentTree | +-- get-stdin@4.0.1
21 silly currentTree | +-- glob-base@0.3.0
21 silly currentTree | +-- glob-parent@2.0.0
21 silly currentTree | +-- glob@7.0.5
21 silly currentTree | +-- globals@8.18.0
21 silly currentTree | +-- graceful-fs@4.1.5
21 silly currentTree | +-- handlebars@4.0.5
21 silly currentTree | | `-- source-map@0.4.4
21 silly currentTree | +-- has-ansi@2.0.0
21 silly currentTree | +-- has-flag@1.0.0
21 silly currentTree | +-- hosted-git-info@2.1.5
21 silly currentTree | +-- imurmurhash@0.1.4
21 silly currentTree | +-- inflight@1.0.5
21 silly currentTree | +-- inherits@2.0.1
21 silly currentTree | +-- invariant@2.2.1
21 silly currentTree | +-- invert-kv@1.0.0
21 silly currentTree | +-- is-arrayish@0.2.1
21 silly currentTree | +-- is-buffer@1.1.4
21 silly currentTree | +-- is-builtin-module@1.0.0
21 silly currentTree | +-- is-dotfile@1.0.2
21 silly currentTree | +-- is-equal-shallow@0.1.3
21 silly currentTree | +-- is-extendable@0.1.1
21 silly currentTree | +-- is-extglob@1.0.0
21 silly currentTree | +-- is-finite@1.0.1
21 silly currentTree | +-- is-fullwidth-code-point@1.0.0
21 silly currentTree | +-- is-glob@2.0.1
21 silly currentTree | +-- is-number@2.1.0
21 silly currentTree | +-- is-posix-bracket@0.1.1
21 silly currentTree | +-- is-primitive@2.0.0
21 silly currentTree | +-- is-utf8@0.2.1
21 silly currentTree | +-- isarray@1.0.0
21 silly currentTree | +-- isexe@1.1.2
21 silly currentTree | +-- isobject@2.1.0
21 silly currentTree | +-- istanbul-lib-coverage@1.0.0
21 silly currentTree | +-- istanbul-lib-hook@1.0.0-alpha.4
21 silly currentTree | +-- istanbul-lib-instrument@1.1.0
21 silly currentTree | +-- istanbul-lib-report@1.0.0-alpha.3
21 silly currentTree | | `-- supports-color@3.1.2
21 silly currentTree | +-- istanbul-lib-source-maps@1.0.0-alpha.10
21 silly currentTree | +-- istanbul-reports@1.0.0-alpha.8
21 silly currentTree | +-- js-tokens@2.0.0
21 silly currentTree | +-- kind-of@3.0.4
21 silly currentTree | +-- lazy-cache@1.0.4
21 silly currentTree | +-- lcid@1.0.0
21 silly currentTree | +-- load-json-file@1.1.0
21 silly currentTree | +-- lodash.assign@4.2.0
21 silly currentTree | +-- lodash@4.15.0
21 silly currentTree | +-- longest@1.0.1
21 silly currentTree | +-- loose-envify@1.2.0
21 silly currentTree | | `-- js-tokens@1.0.3
21 silly currentTree | +-- lru-cache@4.0.1
21 silly currentTree | +-- md5-hex@1.3.0
21 silly currentTree | +-- md5-o-matic@0.1.1
21 silly currentTree | +-- micromatch@2.3.11
21 silly currentTree | +-- minimatch@3.0.3
21 silly currentTree | +-- minimist@0.0.8
21 silly currentTree | +-- mkdirp@0.5.1
21 silly currentTree | +-- ms@0.7.1
21 silly currentTree | +-- normalize-package-data@2.3.5
21 silly currentTree | +-- normalize-path@2.0.1
21 silly currentTree | +-- number-is-nan@1.0.0
21 silly currentTree | +-- object.omit@2.0.0
21 silly currentTree | +-- once@1.3.3
21 silly currentTree | +-- optimist@0.6.1
21 silly currentTree | +-- os-homedir@1.0.1
21 silly currentTree | +-- os-locale@1.4.0
21 silly currentTree | +-- parse-glob@3.0.4
21 silly currentTree | +-- parse-json@2.2.0
21 silly currentTree | +-- path-exists@2.1.0
21 silly currentTree | +-- path-is-absolute@1.0.0
21 silly currentTree | +-- path-parse@1.0.5
21 silly currentTree | +-- path-type@1.1.0
21 silly currentTree | +-- pify@2.3.0
21 silly currentTree | +-- pinkie-promise@2.0.1
21 silly currentTree | +-- pinkie@2.0.4
21 silly currentTree | +-- pkg-dir@1.0.0
21 silly currentTree | +-- pkg-up@1.0.0
21 silly currentTree | +-- preserve@0.2.0
21 silly currentTree | +-- pseudomap@1.0.2
21 silly currentTree | +-- randomatic@1.1.5
21 silly currentTree | +-- read-pkg-up@1.0.1
21 silly currentTree | +-- read-pkg@1.1.0
21 silly currentTree | +-- regenerator-runtime@0.9.5
21 silly currentTree | +-- regex-cache@0.4.3
21 silly currentTree | +-- repeat-element@1.1.2
21 silly currentTree | +-- repeat-string@1.5.4
21 silly currentTree | +-- repeating@1.1.3
21 silly currentTree | +-- require-directory@2.1.1
21 silly currentTree | +-- require-main-filename@1.0.1
21 silly currentTree | +-- resolve-from@2.0.0
21 silly currentTree | +-- right-align@0.1.3
21 silly currentTree | +-- rimraf@2.5.4
21 silly currentTree | +-- semver@5.3.0
21 silly currentTree | +-- set-blocking@2.0.0
21 silly currentTree | +-- signal-exit@3.0.0
21 silly currentTree | +-- slide@1.1.6
21 silly currentTree | +-- source-map@0.5.6
21 silly currentTree | +-- spawn-wrap@1.2.4
21 silly currentTree | | `-- signal-exit@2.1.2
21 silly currentTree | +-- spdx-correct@1.0.2
21 silly currentTree | +-- spdx-exceptions@1.0.5
21 silly currentTree | +-- spdx-expression-parse@1.0.2
21 silly currentTree | +-- spdx-license-ids@1.2.2
21 silly currentTree | +-- string-width@1.0.1
21 silly currentTree | +-- strip-ansi@3.0.1
21 silly currentTree | +-- strip-bom@2.0.0
21 silly currentTree | +-- supports-color@2.0.0
21 silly currentTree | +-- test-exclude@2.1.1
21 silly currentTree | +-- to-fast-properties@1.0.2
21 silly currentTree | +-- uglify-js@2.7.0
21 silly currentTree | | +-- async@0.2.10
21 silly currentTree | | `-- yargs@3.10.0
21 silly currentTree | +-- uglify-to-browserify@1.0.2
21 silly currentTree | +-- validate-npm-package-license@3.0.1
21 silly currentTree | +-- which-module@1.0.0
21 silly currentTree | +-- which@1.2.10
21 silly currentTree | +-- window-size@0.1.0
21 silly currentTree | +-- wordwrap@0.0.3
21 silly currentTree | +-- wrap-ansi@2.0.0
21 silly currentTree | +-- wrappy@1.0.2
21 silly currentTree | +-- write-file-atomic@1.1.4
21 silly currentTree | +-- y18n@3.2.1
21 silly currentTree | +-- yallist@2.0.0
21 silly currentTree | +-- yargs-parser@3.2.0
21 silly currentTree | | `-- camelcase@3.0.0
21 silly currentTree | `-- yargs@4.8.1
21 silly currentTree |   +-- camelcase@3.0.0
21 silly currentTree |   +-- cliui@3.2.0
21 silly currentTree |   +-- window-size@0.2.0
21 silly currentTree |   `-- yargs-parser@2.4.1
21 silly currentTree +-- object-assign@4.1.0
21 silly currentTree +-- object-keys@1.0.11
21 silly currentTree +-- object.pick@1.1.2
21 silly currentTree +-- on-finished@2.3.0
21 silly currentTree +-- on-headers@1.0.1
21 silly currentTree +-- once@1.3.3
21 silly currentTree +-- opn@4.0.2
21 silly currentTree +-- os-homedir@1.0.1
21 silly currentTree +-- os-tmpdir@1.0.1
21 silly currentTree +-- osenv@0.1.3
21 silly currentTree +-- package-json@2.4.0
21 silly currentTree +-- parse-json@2.2.0
21 silly currentTree +-- parseurl@1.3.1
21 silly currentTree +-- path-exists@2.1.0
21 silly currentTree +-- path-is-absolute@1.0.0
21 silly currentTree +-- path-type@1.1.0
21 silly currentTree +-- pause-stream@0.0.11
21 silly currentTree +-- pify@2.3.0
21 silly currentTree +-- pinkie-promise@2.0.1
21 silly currentTree +-- pinkie@2.0.4
21 silly currentTree +-- pkcs11js@1.0.3
21 silly currentTree +-- popsicle-proxy-agent@3.0.0
21 silly currentTree +-- popsicle-retry@3.2.1
21 silly currentTree +-- popsicle-status@2.0.0
21 silly currentTree +-- popsicle@8.1.1
21 silly currentTree +-- prepend-http@1.0.4
21 silly currentTree +-- process-nextick-args@1.0.7
21 silly currentTree +-- promise-finally@2.2.1
21 silly currentTree +-- proxy-middleware@0.15.0
21 silly currentTree +-- ps-tree@1.1.0
21 silly currentTree +-- pseudomap@1.0.2
21 silly currentTree +-- range-parser@1.2.0
21 silly currentTree +-- rc@1.1.6
21 silly currentTree | `-- minimist@1.2.0
21 silly currentTree +-- read-all-stream@3.1.0
21 silly currentTree +-- read-pkg-up@1.0.1
21 silly currentTree +-- read-pkg@1.1.0
21 silly currentTree +-- readable-stream@2.0.6
21 silly currentTree +-- registry-auth-token@3.0.1
21 silly currentTree +-- registry-url@3.1.0
21 silly currentTree +-- repeating@2.0.1
21 silly currentTree +-- rimraf@2.5.4
21 silly currentTree +-- safefs@4.1.0
21 silly currentTree +-- scandirectory@2.5.0
21 silly currentTree | +-- safefs@3.2.2
21 silly currentTree | `-- taskgroup@4.3.1
21 silly currentTree +-- semver-diff@2.1.0
21 silly currentTree +-- semver@5.3.0
21 silly currentTree +-- send@0.14.1
21 silly currentTree +-- serve-index@1.8.0
21 silly currentTree +-- setprototypeof@1.0.1
21 silly currentTree +-- shell-quote@1.6.1
21 silly currentTree +-- slide@1.1.6
21 silly currentTree +-- sort-keys@1.1.2
21 silly currentTree +-- spdx-correct@1.0.2
21 silly currentTree +-- spdx-expression-parse@1.0.3
21 silly currentTree +-- spdx-license-ids@1.2.2
21 silly currentTree +-- split@0.3.3
21 silly currentTree +-- statuses@1.3.0
21 silly currentTree +-- stream-combiner@0.0.4
21 silly currentTree +-- string_decoder@0.10.31
21 silly currentTree +-- string-template@1.0.0
21 silly currentTree +-- string-width@1.0.2
21 silly currentTree +-- string.prototype.padend@3.0.0
21 silly currentTree +-- strip-ansi@3.0.1
21 silly currentTree +-- strip-bom@2.0.0
21 silly currentTree +-- strip-json-comments@1.0.4
21 silly currentTree +-- supports-color@3.1.2
21 silly currentTree +-- taskgroup@5.0.1
21 silly currentTree +-- thenify@3.2.0
21 silly currentTree +-- throat@3.0.0
21 silly currentTree +-- through@2.3.8
21 silly currentTree +-- throwback@1.1.1
21 silly currentTree +-- timed-out@2.0.0
21 silly currentTree +-- touch@1.0.0
21 silly currentTree +-- tough-cookie@2.3.1
21 silly currentTree +-- typechecker@4.3.0
21 silly currentTree +-- typedarray@0.0.6
21 silly currentTree +-- typescript@1.8.10
21 silly currentTree +-- typings-core@1.4.1
21 silly currentTree | `-- typescript@1.8.7
21 silly currentTree +-- typings@1.3.3
21 silly currentTree | `-- minimist@1.2.0
21 silly currentTree +-- unc-path-regex@0.1.2
21 silly currentTree +-- unix-crypt-td-js@1.0.0
21 silly currentTree +-- unpipe@1.0.0
21 silly currentTree +-- unzip-response@1.0.0
21 silly currentTree +-- update-notifier@1.0.2
21 silly currentTree +-- url-parse-lax@1.0.0
21 silly currentTree +-- util-deprecate@1.0.2
21 silly currentTree +-- utils-merge@1.0.0
21 silly currentTree +-- uuid@2.0.2
21 silly currentTree +-- validate-npm-package-license@3.0.1
21 silly currentTree +-- vary@1.1.0
21 silly currentTree +-- watch@0.19.2
21 silly currentTree | `-- minimist@1.2.0
21 silly currentTree +-- watchr@2.6.0
21 silly currentTree +-- wcwidth@1.0.1
21 silly currentTree +-- websocket-driver@0.6.5
21 silly currentTree +-- websocket-extensions@0.1.1
21 silly currentTree +-- which@1.2.10
21 silly currentTree +-- widest-line@1.0.0
21 silly currentTree +-- wordwrap@1.0.0
21 silly currentTree +-- wrappy@1.0.2
21 silly currentTree +-- write-file-atomic@1.2.0
21 silly currentTree +-- xdg-basedir@2.0.0
21 silly currentTree +-- xtend@4.0.1
21 silly currentTree +-- yallist@2.0.0
21 silly currentTree `-- zip-object@0.1.0
22 silly idealTree node-webcrypto-p11@1.0.4
22 silly idealTree +-- abbrev@1.0.9
22 silly idealTree +-- accepts@1.3.3
22 silly idealTree +-- agent-base@2.0.1
22 silly idealTree | `-- semver@5.0.3
22 silly idealTree +-- ambi@2.5.0
22 silly idealTree +-- ansi-align@1.1.0
22 silly idealTree +-- ansi-regex@2.0.0
22 silly idealTree +-- ansi-styles@2.2.1
22 silly idealTree +-- any-promise@1.3.0
22 silly idealTree +-- apache-crypt@1.1.2
22 silly idealTree +-- apache-md5@1.0.6
22 silly idealTree +-- archy@1.0.0
22 silly idealTree +-- array-filter@0.0.1
22 silly idealTree +-- array-map@0.0.0
22 silly idealTree +-- array-reduce@0.0.0
22 silly idealTree +-- array-uniq@1.0.3
22 silly idealTree +-- arrify@1.0.1
22 silly idealTree +-- async@2.0.1
22 silly idealTree +-- balanced-match@0.4.2
22 silly idealTree +-- base64url@2.0.0
22 silly idealTree +-- basic-auth@1.0.4
22 silly idealTree +-- batch@0.5.3
22 silly idealTree +-- bluebird@3.4.6
22 silly idealTree +-- boxen@0.6.0
22 silly idealTree +-- brace-expansion@1.1.6
22 silly idealTree +-- browser-stdout@1.3.0
22 silly idealTree +-- builtin-modules@1.1.1
22 silly idealTree +-- camelcase@2.1.1
22 silly idealTree +-- capture-stack-trace@1.0.0
22 silly idealTree +-- chalk@1.1.3
22 silly idealTree | `-- supports-color@2.0.0
22 silly idealTree +-- cli-boxes@1.0.0
22 silly idealTree +-- clone@1.0.2
22 silly idealTree +-- code-point-at@1.0.0
22 silly idealTree +-- colors@1.1.2
22 silly idealTree +-- columnify@1.5.4
22 silly idealTree +-- combined-stream@1.0.5
22 silly idealTree +-- commander@2.9.0
22 silly idealTree +-- concat-map@0.0.1
22 silly idealTree +-- concat-stream@1.5.2
22 silly idealTree +-- configstore@2.1.0
22 silly idealTree +-- connect@3.4.1
22 silly idealTree +-- core-util-is@1.0.2
22 silly idealTree +-- cors@2.8.0
22 silly idealTree +-- create-error-class@3.0.2
22 silly idealTree +-- cross-spawn@4.0.0
22 silly idealTree +-- csextends@1.0.3
22 silly idealTree +-- debug@2.2.0
22 silly idealTree +-- deep-extend@0.4.1
22 silly idealTree +-- defaults@1.0.3
22 silly idealTree +-- define-properties@1.1.2
22 silly idealTree +-- delayed-stream@1.0.0
22 silly idealTree +-- depd@1.1.0
22 silly idealTree +-- destroy@1.0.4
22 silly idealTree +-- detect-indent@4.0.0
22 silly idealTree +-- diff@1.4.0
22 silly idealTree +-- dot-prop@3.0.0
22 silly idealTree +-- duplexer@0.1.1
22 silly idealTree +-- duplexer2@0.1.4
22 silly idealTree +-- eachr@3.2.0
22 silly idealTree +-- editions@1.1.2
22 silly idealTree +-- ee-first@1.1.1
22 silly idealTree +-- encodeurl@1.0.1
22 silly idealTree +-- error-ex@1.3.0
22 silly idealTree +-- es-abstract@1.6.1
22 silly idealTree +-- es-to-primitive@1.1.1
22 silly idealTree +-- escape-html@1.0.3
22 silly idealTree +-- escape-string-regexp@1.0.5
22 silly idealTree +-- etag@1.7.0
22 silly idealTree +-- event-stream@3.3.4
22 silly idealTree +-- exec-sh@0.2.0
22 silly idealTree +-- extend@3.0.0
22 silly idealTree +-- extendr@3.2.2
22 silly idealTree +-- extract-opts@3.3.1
22 silly idealTree +-- faye-websocket@0.11.0
22 silly idealTree +-- filled-array@1.1.0
22 silly idealTree +-- finalhandler@0.4.1
22 silly idealTree +-- find-up@1.1.2
22 silly idealTree +-- foreach@2.0.5
22 silly idealTree +-- form-data@1.0.1
22 silly idealTree +-- fresh@0.3.0
22 silly idealTree +-- from@0.1.3
22 silly idealTree +-- fs.realpath@1.0.0
22 silly idealTree +-- function-bind@1.1.0
22 silly idealTree +-- glob@7.0.5
22 silly idealTree +-- got@5.6.0
22 silly idealTree +-- graceful-fs@4.1.6
22 silly idealTree +-- graceful-readlink@1.0.1
22 silly idealTree +-- graphene-pk11@2.0.10
22 silly idealTree +-- growl@1.9.2
22 silly idealTree +-- has-ansi@2.0.0
22 silly idealTree +-- has-flag@1.0.0
22 silly idealTree +-- has-unicode@2.0.1
22 silly idealTree +-- has@1.0.1
22 silly idealTree +-- hosted-git-info@2.1.5
22 silly idealTree +-- http-auth@2.4.7
22 silly idealTree +-- http-errors@1.5.0
22 silly idealTree +-- http-proxy-agent@1.0.0
22 silly idealTree +-- https-proxy-agent@1.0.0
22 silly idealTree +-- ignorefs@1.1.1
22 silly idealTree +-- ignorepatterns@1.1.0
22 silly idealTree +-- imurmurhash@0.1.4
22 silly idealTree +-- inflight@1.0.5
22 silly idealTree +-- inherits@2.0.1
22 silly idealTree +-- ini@1.3.4
22 silly idealTree +-- invariant@2.2.1
22 silly idealTree +-- is-absolute@0.2.5
22 silly idealTree +-- is-arrayish@0.2.1
22 silly idealTree +-- is-builtin-module@1.0.0
22 silly idealTree +-- is-callable@1.1.3
22 silly idealTree +-- is-date-object@1.0.1
22 silly idealTree +-- is-finite@1.0.1
22 silly idealTree +-- is-fullwidth-code-point@1.0.0
22 silly idealTree +-- is-npm@1.0.0
22 silly idealTree +-- is-obj@1.0.1
22 silly idealTree +-- is-plain-obj@1.1.0
22 silly idealTree +-- is-redirect@1.0.0
22 silly idealTree +-- is-regex@1.0.3
22 silly idealTree +-- is-relative@0.2.1
22 silly idealTree +-- is-retry-allowed@1.1.0
22 silly idealTree +-- is-stream@1.1.0
22 silly idealTree +-- is-symbol@1.0.1
22 silly idealTree +-- is-unc-path@0.1.1
22 silly idealTree +-- is-utf8@0.2.1
22 silly idealTree +-- is-windows@0.1.1
22 silly idealTree +-- isarray@1.0.0
22 silly idealTree +-- isexe@1.1.2
22 silly idealTree +-- isobject@2.1.0
22 silly idealTree +-- js-tokens@1.0.3
22 silly idealTree +-- json3@3.3.2
22 silly idealTree +-- jsonify@0.0.0
22 silly idealTree +-- latest-version@2.0.0
22 silly idealTree +-- lazy-req@1.1.0
22 silly idealTree +-- listify@1.0.0
22 silly idealTree +-- live-server@1.1.0
22 silly idealTree +-- load-json-file@1.1.0
22 silly idealTree +-- lockfile@1.0.1
22 silly idealTree +-- lodash._baseassign@3.2.0
22 silly idealTree +-- lodash._basecopy@3.0.1
22 silly idealTree +-- lodash._basecreate@3.0.3
22 silly idealTree +-- lodash._getnative@3.9.1
22 silly idealTree +-- lodash._isiterateecall@3.0.9
22 silly idealTree +-- lodash.create@3.1.1
22 silly idealTree +-- lodash.isarguments@3.1.0
22 silly idealTree +-- lodash.isarray@3.0.4
22 silly idealTree +-- lodash.keys@3.1.2
22 silly idealTree +-- lodash@4.15.0
22 silly idealTree +-- loose-envify@1.2.0
22 silly idealTree +-- lowercase-keys@1.0.0
22 silly idealTree +-- lru-cache@4.0.1
22 silly idealTree +-- make-error-cause@1.2.1
22 silly idealTree +-- make-error@1.2.0
22 silly idealTree +-- map-stream@0.1.0
22 silly idealTree +-- merge@1.2.0
22 silly idealTree +-- mime-db@1.23.0
22 silly idealTree +-- mime-types@2.1.11
22 silly idealTree +-- mime@1.3.4
22 silly idealTree +-- minimatch@3.0.3
22 silly idealTree +-- minimist@0.0.8
22 silly idealTree +-- mkdirp@0.5.1
22 silly idealTree +-- mocha@3.0.2
22 silly idealTree +-- morgan@1.7.0
22 silly idealTree +-- ms@0.7.1
22 silly idealTree +-- nan@2.4.0
22 silly idealTree +-- negotiator@0.6.1
22 silly idealTree +-- node-status-codes@1.0.0
22 silly idealTree +-- node-uuid@1.4.7
22 silly idealTree +-- nopt@1.0.10
22 silly idealTree +-- normalize-package-data@2.3.5
22 silly idealTree +-- npm-run-all@3.1.0
22 silly idealTree +-- number-is-nan@1.0.0
22 silly idealTree +-- nyc@8.1.0
22 silly idealTree | +-- align-text@0.1.4
22 silly idealTree | +-- amdefine@1.0.0
22 silly idealTree | +-- ansi-regex@2.0.0
22 silly idealTree | +-- ansi-styles@2.2.1
22 silly idealTree | +-- append-transform@0.3.0
22 silly idealTree | +-- arr-diff@2.0.0
22 silly idealTree | +-- arr-flatten@1.0.1
22 silly idealTree | +-- array-unique@0.2.1
22 silly idealTree | +-- arrify@1.0.1
22 silly idealTree | +-- async@1.5.2
22 silly idealTree | +-- babel-code-frame@6.11.0
22 silly idealTree | +-- babel-generator@6.11.4
22 silly idealTree | +-- babel-messages@6.8.0
22 silly idealTree | +-- babel-runtime@6.11.6
22 silly idealTree | +-- babel-template@6.9.0
22 silly idealTree | +-- babel-traverse@6.13.0
22 silly idealTree | +-- babel-types@6.13.0
22 silly idealTree | +-- babylon@6.8.4
22 silly idealTree | +-- balanced-match@0.4.2
22 silly idealTree | +-- brace-expansion@1.1.6
22 silly idealTree | +-- braces@1.8.5
22 silly idealTree | +-- builtin-modules@1.1.1
22 silly idealTree | +-- caching-transform@1.0.1
22 silly idealTree | +-- camelcase@1.2.1
22 silly idealTree | +-- center-align@0.1.3
22 silly idealTree | +-- chalk@1.1.3
22 silly idealTree | +-- cliui@2.1.0
22 silly idealTree | | `-- wordwrap@0.0.2
22 silly idealTree | +-- code-point-at@1.0.0
22 silly idealTree | +-- commondir@1.0.1
22 silly idealTree | +-- concat-map@0.0.1
22 silly idealTree | +-- convert-source-map@1.3.0
22 silly idealTree | +-- core-js@2.4.1
22 silly idealTree | +-- cross-spawn@4.0.0
22 silly idealTree | +-- debug@2.2.0
22 silly idealTree | +-- decamelize@1.2.0
22 silly idealTree | +-- default-require-extensions@1.0.0
22 silly idealTree | +-- detect-indent@3.0.1
22 silly idealTree | | `-- minimist@1.2.0
22 silly idealTree | +-- error-ex@1.3.0
22 silly idealTree | +-- escape-string-regexp@1.0.5
22 silly idealTree | +-- esutils@2.0.2
22 silly idealTree | +-- expand-brackets@0.1.5
22 silly idealTree | +-- expand-range@1.8.2
22 silly idealTree | +-- extglob@0.3.2
22 silly idealTree | +-- filename-regex@2.0.0
22 silly idealTree | +-- fill-range@2.2.3
22 silly idealTree | +-- find-cache-dir@0.1.1
22 silly idealTree | +-- find-up@1.1.2
22 silly idealTree | +-- for-in@0.1.5
22 silly idealTree | +-- for-own@0.1.4
22 silly idealTree | +-- foreground-child@1.5.3
22 silly idealTree | +-- fs.realpath@1.0.0
22 silly idealTree | +-- get-caller-file@1.0.2
22 silly idealTree | +-- get-stdin@4.0.1
22 silly idealTree | +-- glob-base@0.3.0
22 silly idealTree | +-- glob-parent@2.0.0
22 silly idealTree | +-- glob@7.0.5
22 silly idealTree | +-- globals@8.18.0
22 silly idealTree | +-- graceful-fs@4.1.5
22 silly idealTree | +-- handlebars@4.0.5
22 silly idealTree | | `-- source-map@0.4.4
22 silly idealTree | +-- has-ansi@2.0.0
22 silly idealTree | +-- has-flag@1.0.0
22 silly idealTree | +-- hosted-git-info@2.1.5
22 silly idealTree | +-- imurmurhash@0.1.4
22 silly idealTree | +-- inflight@1.0.5
22 silly idealTree | +-- inherits@2.0.1
22 silly idealTree | +-- invariant@2.2.1
22 silly idealTree | +-- invert-kv@1.0.0
22 silly idealTree | +-- is-arrayish@0.2.1
22 silly idealTree | +-- is-buffer@1.1.4
22 silly idealTree | +-- is-builtin-module@1.0.0
22 silly idealTree | +-- is-dotfile@1.0.2
22 silly idealTree | +-- is-equal-shallow@0.1.3
22 silly idealTree | +-- is-extendable@0.1.1
22 silly idealTree | +-- is-extglob@1.0.0
22 silly idealTree | +-- is-finite@1.0.1
22 silly idealTree | +-- is-fullwidth-code-point@1.0.0
22 silly idealTree | +-- is-glob@2.0.1
22 silly idealTree | +-- is-number@2.1.0
22 silly idealTree | +-- is-posix-bracket@0.1.1
22 silly idealTree | +-- is-primitive@2.0.0
22 silly idealTree | +-- is-utf8@0.2.1
22 silly idealTree | +-- isarray@1.0.0
22 silly idealTree | +-- isexe@1.1.2
22 silly idealTree | +-- isobject@2.1.0
22 silly idealTree | +-- istanbul-lib-coverage@1.0.0
22 silly idealTree | +-- istanbul-lib-hook@1.0.0-alpha.4
22 silly idealTree | +-- istanbul-lib-instrument@1.1.0
22 silly idealTree | +-- istanbul-lib-report@1.0.0-alpha.3
22 silly idealTree | | `-- supports-color@3.1.2
22 silly idealTree | +-- istanbul-lib-source-maps@1.0.0-alpha.10
22 silly idealTree | +-- istanbul-reports@1.0.0-alpha.8
22 silly idealTree | +-- js-tokens@2.0.0
22 silly idealTree | +-- kind-of@3.0.4
22 silly idealTree | +-- lazy-cache@1.0.4
22 silly idealTree | +-- lcid@1.0.0
22 silly idealTree | +-- load-json-file@1.1.0
22 silly idealTree | +-- lodash.assign@4.2.0
22 silly idealTree | +-- lodash@4.15.0
22 silly idealTree | +-- longest@1.0.1
22 silly idealTree | +-- loose-envify@1.2.0
22 silly idealTree | | `-- js-tokens@1.0.3
22 silly idealTree | +-- lru-cache@4.0.1
22 silly idealTree | +-- md5-hex@1.3.0
22 silly idealTree | +-- md5-o-matic@0.1.1
22 silly idealTree | +-- micromatch@2.3.11
22 silly idealTree | +-- minimatch@3.0.3
22 silly idealTree | +-- minimist@0.0.8
22 silly idealTree | +-- mkdirp@0.5.1
22 silly idealTree | +-- ms@0.7.1
22 silly idealTree | +-- normalize-package-data@2.3.5
22 silly idealTree | +-- normalize-path@2.0.1
22 silly idealTree | +-- number-is-nan@1.0.0
22 silly idealTree | +-- object.omit@2.0.0
22 silly idealTree | +-- once@1.3.3
22 silly idealTree | +-- optimist@0.6.1
22 silly idealTree | +-- os-homedir@1.0.1
22 silly idealTree | +-- os-locale@1.4.0
22 silly idealTree | +-- parse-glob@3.0.4
22 silly idealTree | +-- parse-json@2.2.0
22 silly idealTree | +-- path-exists@2.1.0
22 silly idealTree | +-- path-is-absolute@1.0.0
22 silly idealTree | +-- path-parse@1.0.5
22 silly idealTree | +-- path-type@1.1.0
22 silly idealTree | +-- pify@2.3.0
22 silly idealTree | +-- pinkie-promise@2.0.1
22 silly idealTree | +-- pinkie@2.0.4
22 silly idealTree | +-- pkg-dir@1.0.0
22 silly idealTree | +-- pkg-up@1.0.0
22 silly idealTree | +-- preserve@0.2.0
22 silly idealTree | +-- pseudomap@1.0.2
22 silly idealTree | +-- randomatic@1.1.5
22 silly idealTree | +-- read-pkg-up@1.0.1
22 silly idealTree | +-- read-pkg@1.1.0
22 silly idealTree | +-- regenerator-runtime@0.9.5
22 silly idealTree | +-- regex-cache@0.4.3
22 silly idealTree | +-- repeat-element@1.1.2
22 silly idealTree | +-- repeat-string@1.5.4
22 silly idealTree | +-- repeating@1.1.3
22 silly idealTree | +-- require-directory@2.1.1
22 silly idealTree | +-- require-main-filename@1.0.1
22 silly idealTree | +-- resolve-from@2.0.0
22 silly idealTree | +-- right-align@0.1.3
22 silly idealTree | +-- rimraf@2.5.4
22 silly idealTree | +-- semver@5.3.0
22 silly idealTree | +-- set-blocking@2.0.0
22 silly idealTree | +-- signal-exit@3.0.0
22 silly idealTree | +-- slide@1.1.6
22 silly idealTree | +-- source-map@0.5.6
22 silly idealTree | +-- spawn-wrap@1.2.4
22 silly idealTree | | `-- signal-exit@2.1.2
22 silly idealTree | +-- spdx-correct@1.0.2
22 silly idealTree | +-- spdx-exceptions@1.0.5
22 silly idealTree | +-- spdx-expression-parse@1.0.2
22 silly idealTree | +-- spdx-license-ids@1.2.2
22 silly idealTree | +-- string-width@1.0.1
22 silly idealTree | +-- strip-ansi@3.0.1
22 silly idealTree | +-- strip-bom@2.0.0
22 silly idealTree | +-- supports-color@2.0.0
22 silly idealTree | +-- test-exclude@2.1.1
22 silly idealTree | +-- to-fast-properties@1.0.2
22 silly idealTree | +-- uglify-js@2.7.0
22 silly idealTree | | +-- async@0.2.10
22 silly idealTree | | `-- yargs@3.10.0
22 silly idealTree | +-- uglify-to-browserify@1.0.2
22 silly idealTree | +-- validate-npm-package-license@3.0.1
22 silly idealTree | +-- which-module@1.0.0
22 silly idealTree | +-- which@1.2.10
22 silly idealTree | +-- window-size@0.1.0
22 silly idealTree | +-- wordwrap@0.0.3
22 silly idealTree | +-- wrap-ansi@2.0.0
22 silly idealTree | +-- wrappy@1.0.2
22 silly idealTree | +-- write-file-atomic@1.1.4
22 silly idealTree | +-- y18n@3.2.1
22 silly idealTree | +-- yallist@2.0.0
22 silly idealTree | +-- yargs-parser@3.2.0
22 silly idealTree | | `-- camelcase@3.0.0
22 silly idealTree | `-- yargs@4.8.1
22 silly idealTree |   +-- camelcase@3.0.0
22 silly idealTree |   +-- cliui@3.2.0
22 silly idealTree |   +-- window-size@0.2.0
22 silly idealTree |   `-- yargs-parser@2.4.1
22 silly idealTree +-- object-assign@4.1.0
22 silly idealTree +-- object-keys@1.0.11
22 silly idealTree +-- object.pick@1.1.2
22 silly idealTree +-- on-finished@2.3.0
22 silly idealTree +-- on-headers@1.0.1
22 silly idealTree +-- once@1.3.3
22 silly idealTree +-- opn@4.0.2
22 silly idealTree +-- os-homedir@1.0.1
22 silly idealTree +-- os-tmpdir@1.0.1
22 silly idealTree +-- osenv@0.1.3
22 silly idealTree +-- package-json@2.4.0
22 silly idealTree +-- parse-json@2.2.0
22 silly idealTree +-- parseurl@1.3.1
22 silly idealTree +-- path-exists@2.1.0
22 silly idealTree +-- path-is-absolute@1.0.0
22 silly idealTree +-- path-type@1.1.0
22 silly idealTree +-- pause-stream@0.0.11
22 silly idealTree +-- pify@2.3.0
22 silly idealTree +-- pinkie-promise@2.0.1
22 silly idealTree +-- pinkie@2.0.4
22 silly idealTree +-- pkcs11js@1.0.3
22 silly idealTree +-- popsicle-proxy-agent@3.0.0
22 silly idealTree +-- popsicle-retry@3.2.1
22 silly idealTree +-- popsicle-status@2.0.0
22 silly idealTree +-- popsicle@8.1.1
22 silly idealTree +-- prepend-http@1.0.4
22 silly idealTree +-- process-nextick-args@1.0.7
22 silly idealTree +-- promise-finally@2.2.1
22 silly idealTree +-- proxy-middleware@0.15.0
22 silly idealTree +-- ps-tree@1.1.0
22 silly idealTree +-- pseudomap@1.0.2
22 silly idealTree +-- range-parser@1.2.0
22 silly idealTree +-- rc@1.1.6
22 silly idealTree | `-- minimist@1.2.0
22 silly idealTree +-- read-all-stream@3.1.0
22 silly idealTree +-- read-pkg-up@1.0.1
22 silly idealTree +-- read-pkg@1.1.0
22 silly idealTree +-- readable-stream@2.0.6
22 silly idealTree +-- registry-auth-token@3.0.1
22 silly idealTree +-- registry-url@3.1.0
22 silly idealTree +-- repeating@2.0.1
22 silly idealTree +-- rimraf@2.5.4
22 silly idealTree +-- safefs@4.1.0
22 silly idealTree +-- scandirectory@2.5.0
22 silly idealTree | +-- safefs@3.2.2
22 silly idealTree | `-- taskgroup@4.3.1
22 silly idealTree +-- semver-diff@2.1.0
22 silly idealTree +-- semver@5.3.0
22 silly idealTree +-- send@0.14.1
22 silly idealTree +-- serve-index@1.8.0
22 silly idealTree +-- setprototypeof@1.0.1
22 silly idealTree +-- shell-quote@1.6.1
22 silly idealTree +-- slide@1.1.6
22 silly idealTree +-- sort-keys@1.1.2
22 silly idealTree +-- spdx-correct@1.0.2
22 silly idealTree +-- spdx-expression-parse@1.0.3
22 silly idealTree +-- spdx-license-ids@1.2.2
22 silly idealTree +-- split@0.3.3
22 silly idealTree +-- statuses@1.3.0
22 silly idealTree +-- stream-combiner@0.0.4
22 silly idealTree +-- string_decoder@0.10.31
22 silly idealTree +-- string-template@1.0.0
22 silly idealTree +-- string-width@1.0.2
22 silly idealTree +-- string.prototype.padend@3.0.0
22 silly idealTree +-- strip-ansi@3.0.1
22 silly idealTree +-- strip-bom@2.0.0
22 silly idealTree +-- strip-json-comments@1.0.4
22 silly idealTree +-- supports-color@3.1.2
22 silly idealTree +-- taskgroup@5.0.1
22 silly idealTree +-- thenify@3.2.0
22 silly idealTree +-- throat@3.0.0
22 silly idealTree +-- through@2.3.8
22 silly idealTree +-- throwback@1.1.1
22 silly idealTree +-- timed-out@2.0.0
22 silly idealTree +-- touch@1.0.0
22 silly idealTree +-- tough-cookie@2.3.1
22 silly idealTree +-- typechecker@4.3.0
22 silly idealTree +-- typedarray@0.0.6
22 silly idealTree +-- typescript@1.8.10
22 silly idealTree +-- typings-core@1.4.1
22 silly idealTree | `-- typescript@1.8.7
22 silly idealTree +-- typings@1.3.3
22 silly idealTree | `-- minimist@1.2.0
22 silly idealTree +-- unc-path-regex@0.1.2
22 silly idealTree +-- unix-crypt-td-js@1.0.0
22 silly idealTree +-- unpipe@1.0.0
22 silly idealTree +-- unzip-response@1.0.0
22 silly idealTree +-- update-notifier@1.0.2
22 silly idealTree +-- url-parse-lax@1.0.0
22 silly idealTree +-- util-deprecate@1.0.2
22 silly idealTree +-- utils-merge@1.0.0
22 silly idealTree +-- uuid@2.0.2
22 silly idealTree +-- validate-npm-package-license@3.0.1
22 silly idealTree +-- vary@1.1.0
22 silly idealTree +-- watch@0.19.2
22 silly idealTree | `-- minimist@1.2.0
22 silly idealTree +-- watchr@2.6.0
22 silly idealTree +-- wcwidth@1.0.1
22 silly idealTree +-- websocket-driver@0.6.5
22 silly idealTree +-- websocket-extensions@0.1.1
22 silly idealTree +-- which@1.2.10
22 silly idealTree +-- widest-line@1.0.0
22 silly idealTree +-- wordwrap@1.0.0
22 silly idealTree +-- wrappy@1.0.2
22 silly idealTree +-- write-file-atomic@1.2.0
22 silly idealTree +-- xdg-basedir@2.0.0
22 silly idealTree +-- xtend@4.0.1
22 silly idealTree +-- yallist@2.0.0
22 silly idealTree `-- zip-object@0.1.0
23 silly generateActionsToTake Starting
24 silly install generateActionsToTake
25 silly generateActionsToTake Finishing
26 silly diffTrees action count 0
27 silly decomposeActions action count 0
28 silly executeActions Starting
29 silly install executeActions
30 silly doSerial global-install 0
31 silly doParallel fetch 0
32 verbose correctMkdir C:\Users\erdem\AppData\Roaming\npm-cache\_locks correctMkdir not in flight; initializing
33 verbose lock using C:\Users\erdem\AppData\Roaming\npm-cache\_locks\staging-e8193829988d2aca.lock for d:\Projects\GitHub\nesbilgi\otherappp\node-webcrypto-p11\node_modules\.staging
34 silly doParallel extract 0
35 silly doParallel preinstall 0
36 silly doReverseSerial remove 0
37 silly doSerial move 0
38 silly doSerial finalize 0
39 silly doSerial build 0
40 silly doSerial global-link 0
41 silly doParallel update-linked 0
42 silly doSerial install 0
43 silly doSerial postinstall 0
44 verbose unlock done using C:\Users\erdem\AppData\Roaming\npm-cache\_locks\staging-e8193829988d2aca.lock for d:\Projects\GitHub\nesbilgi\otherappp\node-webcrypto-p11\node_modules\.staging
45 silly executeActions Finishing
46 silly rollbackFailedOptional Starting
47 silly rollbackFailedOptional Finishing
48 silly runTopLevelLifecycles Starting
49 silly install runTopLevelLifecycles
50 silly preinstall node-webcrypto-p11@1.0.4 d:\Projects\GitHub\nesbilgi\otherappp\node-webcrypto-p11\node-webcrypto-p11-b3e68b4d
51 info lifecycle node-webcrypto-p11@1.0.4~preinstall: node-webcrypto-p11@1.0.4
52 silly lifecycle node-webcrypto-p11@1.0.4~preinstall: no script for preinstall, continuing
53 silly build node-webcrypto-p11@1.0.4
54 info linkStuff node-webcrypto-p11@1.0.4
55 silly linkStuff node-webcrypto-p11@1.0.4 has d:\Projects\GitHub\nesbilgi\otherappp as its parent node_modules
56 verbose linkBins node-webcrypto-p11@1.0.4
57 verbose linkMans node-webcrypto-p11@1.0.4
58 silly install node-webcrypto-p11@1.0.4 d:\Projects\GitHub\nesbilgi\otherappp\node-webcrypto-p11\node-webcrypto-p11-b3e68b4d
59 info lifecycle node-webcrypto-p11@1.0.4~install: node-webcrypto-p11@1.0.4
60 silly lifecycle node-webcrypto-p11@1.0.4~install: no script for install, continuing
61 silly postinstall node-webcrypto-p11@1.0.4 d:\Projects\GitHub\nesbilgi\otherappp\node-webcrypto-p11\node-webcrypto-p11-b3e68b4d
62 info lifecycle node-webcrypto-p11@1.0.4~postinstall: node-webcrypto-p11@1.0.4
63 verbose lifecycle node-webcrypto-p11@1.0.4~postinstall: unsafe-perm in lifecycle true
64 verbose lifecycle node-webcrypto-p11@1.0.4~postinstall: PATH: C:\Users\erdem\AppData\Roaming\npm\node_modules\npm\bin\node-gyp-bin;d:\Projects\GitHub\nesbilgi\otherappp\node-webcrypto-p11\node_modules\.bin;C:\Python27\;C:\Python27\Scripts;C:\ProgramData\Oracle\Java\javapath;C:\Program Files (x86)\NVIDIA Corporation\PhysX\Common;C:\Windows\system32;C:\Windows;C:\Windows\System32\Wbem;C:\Windows\System32\WindowsPowerShell\v1.0\;C:\Program Files (x86)\Google\Google Apps Sync\;C:\Program Files (x86)\Google\Google Apps Migration\;C:\Program Files (x86)\Skype\Phone\;%USERPROFILE%\.dnx\bin;C:\Program Files\Microsoft DNX\Dnvm\;C:\Program Files (x86)\Windows Kits\8.1\Windows Performance Toolkit\;C:\Program Files\Microsoft SQL Server\120\Tools\Binn\;C:\Program Files (x86)\Microsoft SQL Server\110\Tools\Binn\;C:\Program Files\Microsoft SQL Server\110\Tools\Binn\;C:\Program Files\Microsoft SQL Server\110\DTS\Binn\;C:\Program Files (x86)\Microsoft SQL Server\110\Tools\Binn\ManagementStudio\;C:\Program Files (x86)\Microsoft SQL Server\110\DTS\Binn\;C:\Program Files\nodejs\;C:\Program Files (x86)\Java\jre7\bin;C:\Program Files\Git\cmd;C:\Windows\Microsoft.NET\Framework\v4.0.30319;C:\Program Files\Microsoft SQL Server\130\Tools\Binn\;C:\Program Files (x86)\Microsoft Visual Studio 14.0\Common7\IDE;C:\Program Files\Microsoft\Web Platform Installer\;C:\Program Files\Intel\WiFi\bin\;C:\Program Files\Common Files\Intel\WirelessCommon\;C:\Program Files (x86)\Microsoft VS Code\bin;C:\Users\erdem\AppData\Roaming\npm;C:\Program Files (x86)\Sophos\Sophos SSL VPN Client\bin
65 verbose lifecycle node-webcrypto-p11@1.0.4~postinstall: CWD: d:\Projects\GitHub\nesbilgi\otherappp\node-webcrypto-p11
66 silly lifecycle node-webcrypto-p11@1.0.4~postinstall: Args: [ '/d /s /c', 'npm run build' ]
67 silly lifecycle node-webcrypto-p11@1.0.4~postinstall: Returned: code: 1  signal: null
68 info lifecycle node-webcrypto-p11@1.0.4~postinstall: Failed to exec postinstall script
69 verbose stack Error: node-webcrypto-p11@1.0.4 postinstall: `npm run build`
69 verbose stack Exit status 1
69 verbose stack     at EventEmitter.<anonymous> (C:\Users\erdem\AppData\Roaming\npm\node_modules\npm\lib\utils\lifecycle.js:255:16)
69 verbose stack     at emitTwo (events.js:87:13)
69 verbose stack     at EventEmitter.emit (events.js:172:7)
69 verbose stack     at ChildProcess.<anonymous> (C:\Users\erdem\AppData\Roaming\npm\node_modules\npm\lib\utils\spawn.js:40:14)
69 verbose stack     at emitTwo (events.js:87:13)
69 verbose stack     at ChildProcess.emit (events.js:172:7)
69 verbose stack     at maybeClose (internal/child_process.js:827:16)
69 verbose stack     at Process.ChildProcess._handle.onexit (internal/child_process.js:211:5)
70 verbose pkgid node-webcrypto-p11@1.0.4
71 verbose cwd d:\Projects\GitHub\nesbilgi\otherappp\node-webcrypto-p11
72 error Windows_NT 10.0.10586
73 error argv "C:\\Program Files\\nodejs\\node.exe" "C:\\Users\\erdem\\AppData\\Roaming\\npm\\node_modules\\npm\\bin\\npm-cli.js" "install"
74 error node v4.4.7
75 error npm  v3.10.6
76 error code ELIFECYCLE
77 error node-webcrypto-p11@1.0.4 postinstall: `npm run build`
77 error Exit status 1
78 error Failed at the node-webcrypto-p11@1.0.4 postinstall script 'npm run build'.
78 error Make sure you have the latest version of node.js and npm installed.
78 error If you do, this is most likely a problem with the node-webcrypto-p11 package,
78 error not with npm itself.
78 error Tell the author that this fails on your system:
78 error     npm run build
78 error You can get information on how to open an issue for this project with:
78 error     npm bugs node-webcrypto-p11
78 error Or if that isn't available, you can get their info via:
78 error     npm owner ls node-webcrypto-p11
78 error There is likely additional logging output above.
79 verbose exit [ 1, true ]
